limeauto/build/app/intermediates/manifest_merge_blame_file/debug/manifest-merger-blame-debug-report.txt
1<?xml version="1.0" encoding="utf-8"?>
2<manifest xmlns:android="http://schemas.android.com/apk/res/android"
3    package="com.example.limeauto"
4    android:versionCode="1"
5    android:versionName="1.0.0" >
6
7    <uses-sdk
8        android:minSdkVersion="16"
9        android:targetSdkVersion="29" />
10    <!--
11         Flutter needs it to communicate with the running application
12         to allow setting breakpoints, to provide hot reload, etc.
13    -->
14    <uses-permission android:name="android.permission.INTERNET" />
14-->src\debug\AndroidManifest.xml:6:5-66
14-->src\debug\AndroidManifest.xml:6:22-64
15    <uses-permission android:name="android.permission.REQUEST_INSTALL_PACKAGES" />
15-->[:open_file] AndroidManifest.xml:8:5-83
15-->[:open_file] AndroidManifest.xml:8:22-80
16    <uses-permission android:name="android.permission.READ_EXTERNAL_STORAGE" />
16-->[:open_file] AndroidManifest.xml:9:5-80
16-->[:open_file] AndroidManifest.xml:9:22-77
17    <uses-permission android:name="android.permission.ACCESS_NETWORK_STATE" />
17-->[com.mob:MobGuardMC:2021.0305.1139] AndroidManifest.xml:4:3-76
17-->[com.mob:MobGuardMC:2021.0305.1139] AndroidManifest.xml:4:20-74
18    <uses-permission android:name="android.permission.ACCESS_WIFI_STATE" />
18-->[com.mob:MobGuardMC:2021.0305.1139] AndroidManifest.xml:5:3-73
18-->[com.mob:MobGuardMC:2021.0305.1139] AndroidManifest.xml:5:20-71
19    <uses-permission android:name="android.permission.WRITE_EXTERNAL_STORAGE" />
19-->[com.mob:MobGuardMC:2021.0305.1139] AndroidManifest.xml:7:3-78
19-->[com.mob:MobGuardMC:2021.0305.1139] AndroidManifest.xml:7:20-76
20    <uses-permission android:name="android.permission.READ_PHONE_STATE" />
20-->[com.mob:MobGuardMC:2021.0305.1139] AndroidManifest.xml:8:3-72
20-->[com.mob:MobGuardMC:2021.0305.1139] AndroidManifest.xml:8:20-70
21    <uses-permission android:name="android.permission.ACCESS_FINE_LOCATION" />
21-->[com.mob:MobGuardMC:2021.0305.1139] AndroidManifest.xml:9:3-76
21-->[com.mob:MobGuardMC:2021.0305.1139] AndroidManifest.xml:9:20-74
22    <!--
23 io.flutter.app.FlutterApplication is an android.app.Application that
24         calls FlutterMain.startInitialization(this); in its onCreate method.
25         In most cases you can leave this as-is, but you if you want to provide
26         additional functionality it is fine to subclass or reimplement
27         FlutterApplication and put your custom class here.
28    -->
29    <application
29-->src\main\AndroidManifest.xml:9:5-37:19
30        android:name="io.flutter.app.FlutterApplication"
30-->src\main\AndroidManifest.xml:10:9-57
31        android:appComponentFactory="androidx.core.app.CoreComponentFactory"
31-->[androidx.core:core:1.1.0] AndroidManifest.xml:24:18-86
32        android:debuggable="true"
33        android:icon="@mipmap/ic_launcher"
33-->src\main\AndroidManifest.xml:13:9-43
34        android:label="青橙汽车"
34-->src\main\AndroidManifest.xml:11:9-29
35        android:usesCleartextTraffic="true" >
35-->src\main\AndroidManifest.xml:12:9-44
36        <activity
36-->src\main\AndroidManifest.xml:14:9-31:20
37            android:name="com.example.limeauto.MainActivity"
37-->src\main\AndroidManifest.xml:15:13-41
38            android:configChanges="orientation|keyboardHidden|keyboard|screenSize|smallestScreenSize|locale|layoutDirection|fontScale|screenLayout|density|uiMode"
38-->src\main\AndroidManifest.xml:18:13-163
39            android:hardwareAccelerated="true"
39-->src\main\AndroidManifest.xml:19:13-47
40            android:launchMode="singleTop"
40-->src\main\AndroidManifest.xml:16:13-43
41            android:theme="@style/LaunchTheme"
41-->src\main\AndroidManifest.xml:17:13-47
42            android:windowSoftInputMode="adjustResize" >
42-->src\main\AndroidManifest.xml:20:13-55
43            <meta-data
43-->src\main\AndroidManifest.xml:22:13-24:40
44                android:name="io.flutter.app.android.SplashScreenUntilFirstFrame"
44-->src\main\AndroidManifest.xml:23:17-82
45                android:value="true" />
45-->src\main\AndroidManifest.xml:24:17-37
46            <meta-data
46-->src\main\AndroidManifest.xml:25:13-81
47                android:name="Mob-AppKey"
47-->src\main\AndroidManifest.xml:25:24-49
48                android:value="2e3bf1675264e" />
48-->src\main\AndroidManifest.xml:25:50-79
49            <meta-data
49-->src\main\AndroidManifest.xml:26:13-103
50                android:name="Mob-AppSecret"
50-->src\main\AndroidManifest.xml:26:24-52
51                android:value="99597dc6bcd4d939bf0d965b86eded60" />
51-->src\main\AndroidManifest.xml:26:53-101
52
53            <intent-filter>
53-->src\main\AndroidManifest.xml:27:13-30:29
54                <action android:name="android.intent.action.MAIN" />
54-->src\main\AndroidManifest.xml:28:17-68
54-->src\main\AndroidManifest.xml:28:25-66
55
56                <category android:name="android.intent.category.LAUNCHER" />
56-->src\main\AndroidManifest.xml:29:17-76
56-->src\main\AndroidManifest.xml:29:27-74
57            </intent-filter>
58        </activity>
59        <!--
60             Don't delete the meta-data below.
61             This is used by the Flutter tool to generate GeneratedPluginRegistrant.java
62        -->
63        <meta-data
63-->src\main\AndroidManifest.xml:34:9-36:33
64            android:name="flutterEmbedding"
64-->src\main\AndroidManifest.xml:35:13-44
65            android:value="2" />
65-->src\main\AndroidManifest.xml:36:13-30
66
67        <provider
67-->[:open_file] AndroidManifest.xml:12:9-21:20
68            android:name="androidx.core.content.FileProvider"
68-->[:open_file] AndroidManifest.xml:13:13-62
69            android:authorities="com.example.limeauto.fileProvider"
69-->[:open_file] AndroidManifest.xml:14:13-64
70            android:exported="false"
70-->[:open_file] AndroidManifest.xml:15:13-37
71            android:grantUriPermissions="true" >
71-->[:open_file] AndroidManifest.xml:16:13-47
72            <meta-data
72-->[:open_file] AndroidManifest.xml:18:13-20:53
73                android:name="android.support.FILE_PROVIDER_PATHS"
73-->[:open_file] AndroidManifest.xml:19:17-67
74                android:resource="@xml/filepaths" />
74-->[:open_file] AndroidManifest.xml:20:17-50
75        </provider>
76
77        <activity
77-->[:url_launcher] AndroidManifest.xml:8:9-11:74
78            android:name="io.flutter.plugins.urllauncher.WebViewActivity"
78-->[:url_launcher] AndroidManifest.xml:9:13-74
79            android:exported="false"
79-->[:url_launcher] AndroidManifest.xml:10:13-37
80            android:theme="@android:style/Theme.NoTitleBar.Fullscreen" />
80-->[:url_launcher] AndroidManifest.xml:11:13-71
81        <activity
81-->[com.mob:MobGuardMC:2021.0305.1139] AndroidManifest.xml:11:5-16:16
82            android:name="com.mob.guard.MobTranPullUpActivity"
82-->[com.mob:MobGuardMC:2021.0305.1139] AndroidManifest.xml:11:15-65
83            android:theme="@android:style/Theme.Translucent.NoTitleBar.Fullscreen" >
83-->[com.mob:MobGuardMC:2021.0305.1139] AndroidManifest.xml:11:66-136
84            <intent-filter>
84-->[com.mob:MobGuardMC:2021.0305.1139] AndroidManifest.xml:12:7-15:23
85                <action android:name="com.mob.open.app_20000" />
85-->[com.mob:MobGuardMC:2021.0305.1139] AndroidManifest.xml:13:9-56
85-->[com.mob:MobGuardMC:2021.0305.1139] AndroidManifest.xml:13:17-54
86
87                <category android:name="android.intent.category.DEFAULT" />
87-->[com.mob:MobGuardMC:2021.0305.1139] AndroidManifest.xml:14:9-67
87-->[com.mob:MobGuardMC:2021.0305.1139] AndroidManifest.xml:14:19-65
88            </intent-filter>
89        </activity>
90        <activity
90-->[com.mob:MobGuardMC:2021.0305.1139] AndroidManifest.xml:17:5-22:16
91            android:name="com.mob.guard.MobTranPullLockActivity"
91-->[com.mob:MobGuardMC:2021.0305.1139] AndroidManifest.xml:17:15-67
92            android:theme="@android:style/Theme.Translucent.NoTitleBar.Fullscreen" >
92-->[com.mob:MobGuardMC:2021.0305.1139] AndroidManifest.xml:17:68-138
93            <intent-filter>
93-->[com.mob:MobGuardMC:2021.0305.1139] AndroidManifest.xml:18:7-21:23
94                <action android:name="com.mob.open.app_lk" />
94-->[com.mob:MobGuardMC:2021.0305.1139] AndroidManifest.xml:19:9-53
94-->[com.mob:MobGuardMC:2021.0305.1139] AndroidManifest.xml:19:17-51
95
96                <category android:name="android.intent.category.DEFAULT" />
96-->[com.mob:MobGuardMC:2021.0305.1139] AndroidManifest.xml:14:9-67
96-->[com.mob:MobGuardMC:2021.0305.1139] AndroidManifest.xml:14:19-65
97            </intent-filter>
98        </activity>
99
100        <service
100-->[com.mob:MobGuardMC:2021.0305.1139] AndroidManifest.xml:23:5-27:15
101            android:name="com.mob.guard.MobGuardPullUpService"
101-->[com.mob:MobGuardMC:2021.0305.1139] AndroidManifest.xml:23:14-64
102            android:exported="true" >
102-->[com.mob:MobGuardMC:2021.0305.1139] AndroidManifest.xml:23:65-88
103            <intent-filter>
103-->[com.mob:MobGuardMC:2021.0305.1139] AndroidManifest.xml:24:7-26:23
104                <action android:name="com.mob.intent.MOB_GUARD_SERVICE" />
104-->[com.mob:MobGuardMC:2021.0305.1139] AndroidManifest.xml:25:9-66
104-->[com.mob:MobGuardMC:2021.0305.1139] AndroidManifest.xml:25:17-64
105            </intent-filter>
106        </service>
107
108        <meta-data
108-->[com.mob:MobGuardMC:2021.0305.1139] AndroidManifest.xml:28:5-72
109            android:name="mob_guard_version"
109-->[com.mob:MobGuardMC:2021.0305.1139] AndroidManifest.xml:28:16-48
110            android:value="20000" />
110-->[com.mob:MobGuardMC:2021.0305.1139] AndroidManifest.xml:28:49-70
111
112        <service
112-->[com.mob:MobGuardMC:2021.0305.1139] AndroidManifest.xml:29:5-33:15
113            android:name="com.mob.MobACService"
113-->[com.mob:MobGuardMC:2021.0305.1139] AndroidManifest.xml:29:37-72
114            android:enabled="true"
114-->[com.mob:MobGuardMC:2021.0305.1139] AndroidManifest.xml:29:14-36
115            android:exported="true" >
115-->[com.mob:MobGuardMC:2021.0305.1139] AndroidManifest.xml:29:73-96
116            <intent-filter>
116-->[com.mob:MobGuardMC:2021.0305.1139] AndroidManifest.xml:30:7-32:23
117                <action android:name="com.mob.service.action.MOB_AC_SERVICE" />
117-->[com.mob:MobGuardMC:2021.0305.1139] AndroidManifest.xml:31:9-71
117-->[com.mob:MobGuardMC:2021.0305.1139] AndroidManifest.xml:31:17-69
118            </intent-filter>
119        </service>
120    </application>
121
122</manifest>